<?xml version="1.0" encoding="UTF-8"?>
<testsuite xmlns:xsi="http://www.w3.org/2001/XMLSchema-instance" xsi:noNamespaceSchemaLocation="https://maven.apache.org/surefire/maven-surefire-plugin/xsd/surefire-test-report.xsd" name="test.fusion.water.order.domainLayer.models.OrderTest" time="0.56" tests="29" errors="0" skipped="3" failures="0">
  <properties>
    <property name="gopherProxySet" value="false"/>
    <property name="awt.toolkit" value="sun.lwawt.macosx.LWCToolkit"/>
    <property name="file.encoding.pkg" value="sun.io"/>
    <property name="java.specification.version" value="1.8"/>
    <property name="sun.cpu.isalist" value=""/>
    <property name="sun.jnu.encoding" value="UTF-8"/>
    <property name="java.class.path" value="/Users/arafkarsh/Library/Mobile Documents/com~apple~CloudDocs/My_WorkSpace/Eclipse/ms-order-service/target/test-classes:/Users/arafkarsh/Library/Mobile Documents/com~apple~CloudDocs/My_WorkSpace/Eclipse/ms-order-service/target/classes:/Users/arafkarsh/.m2/repository/org/slf4j/slf4j-api/1.7.30/slf4j-api-1.7.30.jar:/Users/arafkarsh/.m2/repository/ch/qos/logback/logback-classic/1.2.3/logback-classic-1.2.3.jar:/Users/arafkarsh/.m2/repository/ch/qos/logback/logback-core/1.2.3/logback-core-1.2.3.jar:/Users/arafkarsh/.m2/repository/com/google/code/gson/gson/2.8.7/gson-2.8.7.jar:/Users/arafkarsh/.m2/repository/org/junit/jupiter/junit-jupiter/5.7.2/junit-jupiter-5.7.2.jar:/Users/arafkarsh/.m2/repository/org/junit/jupiter/junit-jupiter-api/5.7.2/junit-jupiter-api-5.7.2.jar:/Users/arafkarsh/.m2/repository/org/opentest4j/opentest4j/1.2.0/opentest4j-1.2.0.jar:/Users/arafkarsh/.m2/repository/org/junit/platform/junit-platform-commons/1.7.2/junit-platform-commons-1.7.2.jar:/Users/arafkarsh/.m2/repository/org/junit/jupiter/junit-jupiter-engine/5.7.2/junit-jupiter-engine-5.7.2.jar:/Users/arafkarsh/.m2/repository/org/junit/vintage/junit-vintage-engine/5.7.2/junit-vintage-engine-5.7.2.jar:/Users/arafkarsh/.m2/repository/org/apiguardian/apiguardian-api/1.1.0/apiguardian-api-1.1.0.jar:/Users/arafkarsh/.m2/repository/org/junit/platform/junit-platform-engine/1.7.2/junit-platform-engine-1.7.2.jar:/Users/arafkarsh/.m2/repository/junit/junit/4.13/junit-4.13.jar:/Users/arafkarsh/.m2/repository/org/junit/jupiter/junit-jupiter-migrationsupport/5.7.2/junit-jupiter-migrationsupport-5.7.2.jar:/Users/arafkarsh/.m2/repository/org/junit/jupiter/junit-jupiter-params/5.7.2/junit-jupiter-params-5.7.2.jar:/Users/arafkarsh/.m2/repository/org/hamcrest/hamcrest-core/2.2/hamcrest-core-2.2.jar:/Users/arafkarsh/.m2/repository/org/hamcrest/hamcrest/2.2/hamcrest-2.2.jar:/Users/arafkarsh/.m2/repository/com/google/truth/truth/1.0.1/truth-1.0.1.jar:/Users/arafkarsh/.m2/repository/com/google/guava/guava/28.1-android/guava-28.1-android.jar:/Users/arafkarsh/.m2/repository/com/google/guava/failureaccess/1.0.1/failureaccess-1.0.1.jar:/Users/arafkarsh/.m2/repository/com/google/guava/listenablefuture/9999.0-empty-to-avoid-conflict-with-guava/listenablefuture-9999.0-empty-to-avoid-conflict-with-guava.jar:/Users/arafkarsh/.m2/repository/com/google/code/findbugs/jsr305/3.0.2/jsr305-3.0.2.jar:/Users/arafkarsh/.m2/repository/com/google/j2objc/j2objc-annotations/1.3/j2objc-annotations-1.3.jar:/Users/arafkarsh/.m2/repository/org/codehaus/mojo/animal-sniffer-annotations/1.18/animal-sniffer-annotations-1.18.jar:/Users/arafkarsh/.m2/repository/org/checkerframework/checker-compat-qual/2.5.5/checker-compat-qual-2.5.5.jar:/Users/arafkarsh/.m2/repository/com/googlecode/java-diff-utils/diffutils/1.3.0/diffutils-1.3.0.jar:/Users/arafkarsh/.m2/repository/com/google/auto/value/auto-value-annotations/1.6.3/auto-value-annotations-1.6.3.jar:/Users/arafkarsh/.m2/repository/com/google/errorprone/error_prone_annotations/2.3.3/error_prone_annotations-2.3.3.jar:/Users/arafkarsh/.m2/repository/org/mockito/mockito-core/3.11.2/mockito-core-3.11.2.jar:/Users/arafkarsh/.m2/repository/net/bytebuddy/byte-buddy/1.11.3/byte-buddy-1.11.3.jar:/Users/arafkarsh/.m2/repository/net/bytebuddy/byte-buddy-agent/1.11.3/byte-buddy-agent-1.11.3.jar:/Users/arafkarsh/.m2/repository/org/objenesis/objenesis/3.2/objenesis-3.2.jar:/Users/arafkarsh/.m2/repository/org/mockito/mockito-junit-jupiter/3.11.2/mockito-junit-jupiter-3.11.2.jar:/Users/arafkarsh/.m2/repository/com/github/tomakehurst/wiremock-jre8/2.29.0/wiremock-jre8-2.29.0.jar:/Users/arafkarsh/.m2/repository/org/eclipse/jetty/jetty-server/9.4.42.v20210604/jetty-server-9.4.42.v20210604.jar:/Users/arafkarsh/.m2/repository/javax/servlet/javax.servlet-api/3.1.0/javax.servlet-api-3.1.0.jar:/Users/arafkarsh/.m2/repository/org/eclipse/jetty/jetty-http/9.4.42.v20210604/jetty-http-9.4.42.v20210604.jar:/Users/arafkarsh/.m2/repository/org/eclipse/jetty/jetty-io/9.4.42.v20210604/jetty-io-9.4.42.v20210604.jar:/Users/arafkarsh/.m2/repository/org/eclipse/jetty/jetty-servlet/9.4.42.v20210604/jetty-servlet-9.4.42.v20210604.jar:/Users/arafkarsh/.m2/repository/org/eclipse/jetty/jetty-security/9.4.42.v20210604/jetty-security-9.4.42.v20210604.jar:/Users/arafkarsh/.m2/repository/org/eclipse/jetty/jetty-util-ajax/9.4.42.v20210604/jetty-util-ajax-9.4.42.v20210604.jar:/Users/arafkarsh/.m2/repository/org/eclipse/jetty/jetty-servlets/9.4.42.v20210604/jetty-servlets-9.4.42.v20210604.jar:/Users/arafkarsh/.m2/repository/org/eclipse/jetty/jetty-continuation/9.4.42.v20210604/jetty-continuation-9.4.42.v20210604.jar:/Users/arafkarsh/.m2/repository/org/eclipse/jetty/jetty-util/9.4.42.v20210604/jetty-util-9.4.42.v20210604.jar:/Users/arafkarsh/.m2/repository/org/eclipse/jetty/jetty-webapp/9.4.42.v20210604/jetty-webapp-9.4.42.v20210604.jar:/Users/arafkarsh/.m2/repository/org/eclipse/jetty/jetty-xml/9.4.42.v20210604/jetty-xml-9.4.42.v20210604.jar:/Users/arafkarsh/.m2/repository/org/eclipse/jetty/jetty-proxy/9.4.42.v20210604/jetty-proxy-9.4.42.v20210604.jar:/Users/arafkarsh/.m2/repository/org/eclipse/jetty/jetty-client/9.4.42.v20210604/jetty-client-9.4.42.v20210604.jar:/Users/arafkarsh/.m2/repository/org/eclipse/jetty/http2/http2-server/9.4.42.v20210604/http2-server-9.4.42.v20210604.jar:/Users/arafkarsh/.m2/repository/org/eclipse/jetty/http2/http2-common/9.4.42.v20210604/http2-common-9.4.42.v20210604.jar:/Users/arafkarsh/.m2/repository/org/eclipse/jetty/http2/http2-hpack/9.4.42.v20210604/http2-hpack-9.4.42.v20210604.jar:/Users/arafkarsh/.m2/repository/org/eclipse/jetty/jetty-alpn-server/9.4.42.v20210604/jetty-alpn-server-9.4.42.v20210604.jar:/Users/arafkarsh/.m2/repository/org/eclipse/jetty/jetty-alpn-conscrypt-server/9.4.42.v20210604/jetty-alpn-conscrypt-server-9.4.42.v20210604.jar:/Users/arafkarsh/.m2/repository/org/eclipse/jetty/jetty-alpn-conscrypt-client/9.4.42.v20210604/jetty-alpn-conscrypt-client-9.4.42.v20210604.jar:/Users/arafkarsh/.m2/repository/org/eclipse/jetty/jetty-alpn-client/9.4.42.v20210604/jetty-alpn-client-9.4.42.v20210604.jar:/Users/arafkarsh/.m2/repository/org/conscrypt/conscrypt-openjdk-uber/2.5.2/conscrypt-openjdk-uber-2.5.2.jar:/Users/arafkarsh/.m2/repository/com/fasterxml/jackson/core/jackson-core/2.12.3/jackson-core-2.12.3.jar:/Users/arafkarsh/.m2/repository/com/fasterxml/jackson/core/jackson-annotations/2.12.3/jackson-annotations-2.12.3.jar:/Users/arafkarsh/.m2/repository/com/fasterxml/jackson/core/jackson-databind/2.12.3/jackson-databind-2.12.3.jar:/Users/arafkarsh/.m2/repository/org/apache/httpcomponents/httpclient/4.5.13/httpclient-4.5.13.jar:/Users/arafkarsh/.m2/repository/org/apache/httpcomponents/httpcore/4.4.13/httpcore-4.4.13.jar:/Users/arafkarsh/.m2/repository/commons-logging/commons-logging/1.2/commons-logging-1.2.jar:/Users/arafkarsh/.m2/repository/commons-codec/commons-codec/1.11/commons-codec-1.11.jar:/Users/arafkarsh/.m2/repository/org/xmlunit/xmlunit-core/2.8.2/xmlunit-core-2.8.2.jar:/Users/arafkarsh/.m2/repository/org/xmlunit/xmlunit-legacy/2.8.2/xmlunit-legacy-2.8.2.jar:/Users/arafkarsh/.m2/repository/org/xmlunit/xmlunit-placeholders/2.8.2/xmlunit-placeholders-2.8.2.jar:/Users/arafkarsh/.m2/repository/net/javacrumbs/json-unit/json-unit-core/2.27.0/json-unit-core-2.27.0.jar:/Users/arafkarsh/.m2/repository/com/jayway/jsonpath/json-path/2.6.0/json-path-2.6.0.jar:/Users/arafkarsh/.m2/repository/net/minidev/json-smart/2.4.7/json-smart-2.4.7.jar:/Users/arafkarsh/.m2/repository/net/minidev/accessors-smart/2.4.7/accessors-smart-2.4.7.jar:/Users/arafkarsh/.m2/repository/org/ow2/asm/asm/9.2/asm-9.2.jar:/Users/arafkarsh/.m2/repository/net/sf/jopt-simple/jopt-simple/5.0.4/jopt-simple-5.0.4.jar:/Users/arafkarsh/.m2/repository/org/apache/commons/commons-lang3/3.12.0/commons-lang3-3.12.0.jar:/Users/arafkarsh/.m2/repository/com/github/jknack/handlebars/4.2.0/handlebars-4.2.0.jar:/Users/arafkarsh/.m2/repository/com/github/jknack/handlebars-helpers/4.2.0/handlebars-helpers-4.2.0.jar:/Users/arafkarsh/.m2/repository/commons-fileupload/commons-fileupload/1.4/commons-fileupload-1.4.jar:/Users/arafkarsh/.m2/repository/commons-io/commons-io/2.10.0/commons-io-2.10.0.jar:/Users/arafkarsh/.m2/repository/org/springframework/boot/spring-boot/2.5.2/spring-boot-2.5.2.jar:/Users/arafkarsh/.m2/repository/org/springframework/spring-core/5.3.8/spring-core-5.3.8.jar:/Users/arafkarsh/.m2/repository/org/springframework/spring-jcl/5.3.8/spring-jcl-5.3.8.jar:/Users/arafkarsh/.m2/repository/org/springframework/spring-context/5.3.8/spring-context-5.3.8.jar:/Users/arafkarsh/.m2/repository/org/springframework/spring-aop/5.3.8/spring-aop-5.3.8.jar:/Users/arafkarsh/.m2/repository/org/springframework/spring-beans/5.3.8/spring-beans-5.3.8.jar:/Users/arafkarsh/.m2/repository/org/springframework/spring-expression/5.3.8/spring-expression-5.3.8.jar:/Users/arafkarsh/.m2/repository/org/springframework/boot/spring-boot-starter-test/2.5.2/spring-boot-starter-test-2.5.2.jar:/Users/arafkarsh/.m2/repository/org/springframework/boot/spring-boot-starter/2.5.2/spring-boot-starter-2.5.2.jar:/Users/arafkarsh/.m2/repository/org/springframework/boot/spring-boot-starter-logging/2.5.2/spring-boot-starter-logging-2.5.2.jar:/Users/arafkarsh/.m2/repository/org/apache/logging/log4j/log4j-to-slf4j/2.14.1/log4j-to-slf4j-2.14.1.jar:/Users/arafkarsh/.m2/repository/org/apache/logging/log4j/log4j-api/2.14.1/log4j-api-2.14.1.jar:/Users/arafkarsh/.m2/repository/org/slf4j/jul-to-slf4j/1.7.31/jul-to-slf4j-1.7.31.jar:/Users/arafkarsh/.m2/repository/jakarta/annotation/jakarta.annotation-api/1.3.5/jakarta.annotation-api-1.3.5.jar:/Users/arafkarsh/.m2/repository/org/yaml/snakeyaml/1.28/snakeyaml-1.28.jar:/Users/arafkarsh/.m2/repository/org/springframework/boot/spring-boot-test/2.5.2/spring-boot-test-2.5.2.jar:/Users/arafkarsh/.m2/repository/org/springframework/boot/spring-boot-test-autoconfigure/2.5.2/spring-boot-test-autoconfigure-2.5.2.jar:/Users/arafkarsh/.m2/repository/jakarta/xml/bind/jakarta.xml.bind-api/2.3.3/jakarta.xml.bind-api-2.3.3.jar:/Users/arafkarsh/.m2/repository/jakarta/activation/jakarta.activation-api/1.2.2/jakarta.activation-api-1.2.2.jar:/Users/arafkarsh/.m2/repository/org/assertj/assertj-core/3.19.0/assertj-core-3.19.0.jar:/Users/arafkarsh/.m2/repository/org/skyscreamer/jsonassert/1.5.0/jsonassert-1.5.0.jar:/Users/arafkarsh/.m2/repository/com/vaadin/external/google/android-json/0.0.20131108.vaadin1/android-json-0.0.20131108.vaadin1.jar:/Users/arafkarsh/.m2/repository/org/springframework/spring-test/5.3.8/spring-test-5.3.8.jar:/Users/arafkarsh/.m2/repository/org/springframework/boot/spring-boot-starter-web/2.5.2/spring-boot-starter-web-2.5.2.jar:/Users/arafkarsh/.m2/repository/org/springframework/boot/spring-boot-starter-json/2.5.2/spring-boot-starter-json-2.5.2.jar:/Users/arafkarsh/.m2/repository/com/fasterxml/jackson/datatype/jackson-datatype-jdk8/2.12.3/jackson-datatype-jdk8-2.12.3.jar:/Users/arafkarsh/.m2/repository/com/fasterxml/jackson/datatype/jackson-datatype-jsr310/2.12.3/jackson-datatype-jsr310-2.12.3.jar:/Users/arafkarsh/.m2/repository/com/fasterxml/jackson/module/jackson-module-parameter-names/2.12.3/jackson-module-parameter-names-2.12.3.jar:/Users/arafkarsh/.m2/repository/org/springframework/boot/spring-boot-starter-tomcat/2.5.2/spring-boot-starter-tomcat-2.5.2.jar:/Users/arafkarsh/.m2/repository/org/apache/tomcat/embed/tomcat-embed-core/9.0.48/tomcat-embed-core-9.0.48.jar:/Users/arafkarsh/.m2/repository/org/apache/tomcat/embed/tomcat-embed-el/9.0.48/tomcat-embed-el-9.0.48.jar:/Users/arafkarsh/.m2/repository/org/apache/tomcat/embed/tomcat-embed-websocket/9.0.48/tomcat-embed-websocket-9.0.48.jar:/Users/arafkarsh/.m2/repository/org/springframework/spring-web/5.3.8/spring-web-5.3.8.jar:/Users/arafkarsh/.m2/repository/org/springframework/spring-webmvc/5.3.8/spring-webmvc-5.3.8.jar:/Users/arafkarsh/.m2/repository/org/springframework/boot/spring-boot-starter-web-services/2.5.2/spring-boot-starter-web-services-2.5.2.jar:/Users/arafkarsh/.m2/repository/com/sun/xml/messaging/saaj/saaj-impl/1.5.3/saaj-impl-1.5.3.jar:/Users/arafkarsh/.m2/repository/jakarta/xml/soap/jakarta.xml.soap-api/1.4.2/jakarta.xml.soap-api-1.4.2.jar:/Users/arafkarsh/.m2/repository/org/jvnet/staxex/stax-ex/1.8.3/stax-ex-1.8.3.jar:/Users/arafkarsh/.m2/repository/com/sun/activation/jakarta.activation/1.2.2/jakarta.activation-1.2.2.jar:/Users/arafkarsh/.m2/repository/jakarta/xml/ws/jakarta.xml.ws-api/2.3.3/jakarta.xml.ws-api-2.3.3.jar:/Users/arafkarsh/.m2/repository/jakarta/jws/jakarta.jws-api/2.1.0/jakarta.jws-api-2.1.0.jar:/Users/arafkarsh/.m2/repository/org/springframework/spring-oxm/5.3.8/spring-oxm-5.3.8.jar:/Users/arafkarsh/.m2/repository/org/springframework/ws/spring-ws-core/3.1.1/spring-ws-core-3.1.1.jar:/Users/arafkarsh/.m2/repository/org/springframework/ws/spring-xml/3.1.1/spring-xml-3.1.1.jar:/Users/arafkarsh/.m2/repository/org/springframework/boot/spring-boot-starter-websocket/2.5.2/spring-boot-starter-websocket-2.5.2.jar:/Users/arafkarsh/.m2/repository/org/springframework/spring-messaging/5.3.8/spring-messaging-5.3.8.jar:/Users/arafkarsh/.m2/repository/org/springframework/spring-websocket/5.3.8/spring-websocket-5.3.8.jar:/Users/arafkarsh/.m2/repository/org/springframework/boot/spring-boot-starter-data-mongodb/2.5.2/spring-boot-starter-data-mongodb-2.5.2.jar:/Users/arafkarsh/.m2/repository/org/mongodb/mongodb-driver-sync/4.2.3/mongodb-driver-sync-4.2.3.jar:/Users/arafkarsh/.m2/repository/org/mongodb/bson/4.2.3/bson-4.2.3.jar:/Users/arafkarsh/.m2/repository/org/mongodb/mongodb-driver-core/4.2.3/mongodb-driver-core-4.2.3.jar:/Users/arafkarsh/.m2/repository/org/springframework/data/spring-data-mongodb/3.2.2/spring-data-mongodb-3.2.2.jar:/Users/arafkarsh/.m2/repository/org/springframework/data/spring-data-commons/2.5.2/spring-data-commons-2.5.2.jar:/Users/arafkarsh/.m2/repository/com/github/cloudyrock/mongock/mongock-spring-v5/4.3.8/mongock-spring-v5-4.3.8.jar:/Users/arafkarsh/.m2/repository/com/github/cloudyrock/mongock/mongock-spring-runner-util/4.3.8/mongock-spring-runner-util-4.3.8.jar:/Users/arafkarsh/.m2/repository/com/github/cloudyrock/mongock/mongock-runner-core/4.3.8/mongock-runner-core-4.3.8.jar:/Users/arafkarsh/.m2/repository/com/github/cloudyrock/mongock/mongock-driver-api/4.3.8/mongock-driver-api-4.3.8.jar:/Users/arafkarsh/.m2/repository/javax/inject/javax.inject/1/javax.inject-1.jar:/Users/arafkarsh/.m2/repository/org/reflections/reflections/0.9.9/reflections-0.9.9.jar:/Users/arafkarsh/.m2/repository/org/javassist/javassist/3.18.2-GA/javassist-3.18.2-GA.jar:/Users/arafkarsh/.m2/repository/com/google/code/findbugs/annotations/2.0.1/annotations-2.0.1.jar:/Users/arafkarsh/.m2/repository/org/apache/maven/maven-artifact/3.6.1/maven-artifact-3.6.1.jar:/Users/arafkarsh/.m2/repository/org/codehaus/plexus/plexus-utils/3.2.0/plexus-utils-3.2.0.jar:/Users/arafkarsh/.m2/repository/com/github/cloudyrock/mongock/mongock-api/4.3.8/mongock-api-4.3.8.jar:/Users/arafkarsh/.m2/repository/org/springframework/boot/spring-boot-configuration-processor/2.3.7.RELEASE/spring-boot-configuration-processor-2.3.7.RELEASE.jar:/Users/arafkarsh/.m2/repository/com/github/cloudyrock/mongock/mongock-utils/4.3.8/mongock-utils-4.3.8.jar:/Users/arafkarsh/.m2/repository/org/springframework/spring-tx/5.2.12.RELEASE/spring-tx-5.2.12.RELEASE.jar:/Users/arafkarsh/.m2/repository/org/springframework/boot/spring-boot-autoconfigure/2.3.7.RELEASE/spring-boot-autoconfigure-2.3.7.RELEASE.jar:/Users/arafkarsh/.m2/repository/com/github/cloudyrock/mongock/mongodb-springdata-v3-driver/4.3.8/mongodb-springdata-v3-driver-4.3.8.jar:/Users/arafkarsh/.m2/repository/com/github/cloudyrock/mongock/mongock-driver-core/4.3.8/mongock-driver-core-4.3.8.jar:/Users/arafkarsh/.m2/repository/com/github/cloudyrock/mongock/mongodb-sync-v4-driver/4.3.8/mongodb-sync-v4-driver-4.3.8.jar:"/>
    <property name="java.vm.vendor" value="Oracle Corporation"/>
    <property name="sun.arch.data.model" value="64"/>
    <property name="java.vendor.url" value="http://java.oracle.com/"/>
    <property name="user.timezone" value=""/>
    <property name="java.vm.specification.version" value="1.8"/>
    <property name="os.name" value="Mac OS X"/>
    <property name="user.country" value="IN"/>
    <property name="sun.java.launcher" value="SUN_STANDARD"/>
    <property name="sun.boot.library.path" value="/Library/Java/JavaVirtualMachines/jdk1.8.0_271.jdk/Contents/Home/jre/lib"/>
    <property name="sun.java.command" value="/Users/arafkarsh/Library/Mobile Documents/com~apple~CloudDocs/My_WorkSpace/Eclipse/ms-order-service/target/surefire/surefirebooter6918762594871500320.jar /Users/arafkarsh/Library/Mobile Documents/com~apple~CloudDocs/My_WorkSpace/Eclipse/ms-order-service/target/surefire 2021-07-18T18-17-10_801-jvmRun1 surefire6386113620779328661tmp surefire_08497868961190780002tmp"/>
    <property name="http.nonProxyHosts" value="local|*.local|169.254/16|*.169.254/16"/>
    <property name="surefire.test.class.path" value="/Users/arafkarsh/Library/Mobile Documents/com~apple~CloudDocs/My_WorkSpace/Eclipse/ms-order-service/target/test-classes:/Users/arafkarsh/Library/Mobile Documents/com~apple~CloudDocs/My_WorkSpace/Eclipse/ms-order-service/target/classes:/Users/arafkarsh/.m2/repository/org/slf4j/slf4j-api/1.7.30/slf4j-api-1.7.30.jar:/Users/arafkarsh/.m2/repository/ch/qos/logback/logback-classic/1.2.3/logback-classic-1.2.3.jar:/Users/arafkarsh/.m2/repository/ch/qos/logback/logback-core/1.2.3/logback-core-1.2.3.jar:/Users/arafkarsh/.m2/repository/com/google/code/gson/gson/2.8.7/gson-2.8.7.jar:/Users/arafkarsh/.m2/repository/org/junit/jupiter/junit-jupiter/5.7.2/junit-jupiter-5.7.2.jar:/Users/arafkarsh/.m2/repository/org/junit/jupiter/junit-jupiter-api/5.7.2/junit-jupiter-api-5.7.2.jar:/Users/arafkarsh/.m2/repository/org/opentest4j/opentest4j/1.2.0/opentest4j-1.2.0.jar:/Users/arafkarsh/.m2/repository/org/junit/platform/junit-platform-commons/1.7.2/junit-platform-commons-1.7.2.jar:/Users/arafkarsh/.m2/repository/org/junit/jupiter/junit-jupiter-engine/5.7.2/junit-jupiter-engine-5.7.2.jar:/Users/arafkarsh/.m2/repository/org/junit/vintage/junit-vintage-engine/5.7.2/junit-vintage-engine-5.7.2.jar:/Users/arafkarsh/.m2/repository/org/apiguardian/apiguardian-api/1.1.0/apiguardian-api-1.1.0.jar:/Users/arafkarsh/.m2/repository/org/junit/platform/junit-platform-engine/1.7.2/junit-platform-engine-1.7.2.jar:/Users/arafkarsh/.m2/repository/junit/junit/4.13/junit-4.13.jar:/Users/arafkarsh/.m2/repository/org/junit/jupiter/junit-jupiter-migrationsupport/5.7.2/junit-jupiter-migrationsupport-5.7.2.jar:/Users/arafkarsh/.m2/repository/org/junit/jupiter/junit-jupiter-params/5.7.2/junit-jupiter-params-5.7.2.jar:/Users/arafkarsh/.m2/repository/org/hamcrest/hamcrest-core/2.2/hamcrest-core-2.2.jar:/Users/arafkarsh/.m2/repository/org/hamcrest/hamcrest/2.2/hamcrest-2.2.jar:/Users/arafkarsh/.m2/repository/com/google/truth/truth/1.0.1/truth-1.0.1.jar:/Users/arafkarsh/.m2/repository/com/google/guava/guava/28.1-android/guava-28.1-android.jar:/Users/arafkarsh/.m2/repository/com/google/guava/failureaccess/1.0.1/failureaccess-1.0.1.jar:/Users/arafkarsh/.m2/repository/com/google/guava/listenablefuture/9999.0-empty-to-avoid-conflict-with-guava/listenablefuture-9999.0-empty-to-avoid-conflict-with-guava.jar:/Users/arafkarsh/.m2/repository/com/google/code/findbugs/jsr305/3.0.2/jsr305-3.0.2.jar:/Users/arafkarsh/.m2/repository/com/google/j2objc/j2objc-annotations/1.3/j2objc-annotations-1.3.jar:/Users/arafkarsh/.m2/repository/org/codehaus/mojo/animal-sniffer-annotations/1.18/animal-sniffer-annotations-1.18.jar:/Users/arafkarsh/.m2/repository/org/checkerframework/checker-compat-qual/2.5.5/checker-compat-qual-2.5.5.jar:/Users/arafkarsh/.m2/repository/com/googlecode/java-diff-utils/diffutils/1.3.0/diffutils-1.3.0.jar:/Users/arafkarsh/.m2/repository/com/google/auto/value/auto-value-annotations/1.6.3/auto-value-annotations-1.6.3.jar:/Users/arafkarsh/.m2/repository/com/google/errorprone/error_prone_annotations/2.3.3/error_prone_annotations-2.3.3.jar:/Users/arafkarsh/.m2/repository/org/mockito/mockito-core/3.11.2/mockito-core-3.11.2.jar:/Users/arafkarsh/.m2/repository/net/bytebuddy/byte-buddy/1.11.3/byte-buddy-1.11.3.jar:/Users/arafkarsh/.m2/repository/net/bytebuddy/byte-buddy-agent/1.11.3/byte-buddy-agent-1.11.3.jar:/Users/arafkarsh/.m2/repository/org/objenesis/objenesis/3.2/objenesis-3.2.jar:/Users/arafkarsh/.m2/repository/org/mockito/mockito-junit-jupiter/3.11.2/mockito-junit-jupiter-3.11.2.jar:/Users/arafkarsh/.m2/repository/com/github/tomakehurst/wiremock-jre8/2.29.0/wiremock-jre8-2.29.0.jar:/Users/arafkarsh/.m2/repository/org/eclipse/jetty/jetty-server/9.4.42.v20210604/jetty-server-9.4.42.v20210604.jar:/Users/arafkarsh/.m2/repository/javax/servlet/javax.servlet-api/3.1.0/javax.servlet-api-3.1.0.jar:/Users/arafkarsh/.m2/repository/org/eclipse/jetty/jetty-http/9.4.42.v20210604/jetty-http-9.4.42.v20210604.jar:/Users/arafkarsh/.m2/repository/org/eclipse/jetty/jetty-io/9.4.42.v20210604/jetty-io-9.4.42.v20210604.jar:/Users/arafkarsh/.m2/repository/org/eclipse/jetty/jetty-servlet/9.4.42.v20210604/jetty-servlet-9.4.42.v20210604.jar:/Users/arafkarsh/.m2/repository/org/eclipse/jetty/jetty-security/9.4.42.v20210604/jetty-security-9.4.42.v20210604.jar:/Users/arafkarsh/.m2/repository/org/eclipse/jetty/jetty-util-ajax/9.4.42.v20210604/jetty-util-ajax-9.4.42.v20210604.jar:/Users/arafkarsh/.m2/repository/org/eclipse/jetty/jetty-servlets/9.4.42.v20210604/jetty-servlets-9.4.42.v20210604.jar:/Users/arafkarsh/.m2/repository/org/eclipse/jetty/jetty-continuation/9.4.42.v20210604/jetty-continuation-9.4.42.v20210604.jar:/Users/arafkarsh/.m2/repository/org/eclipse/jetty/jetty-util/9.4.42.v20210604/jetty-util-9.4.42.v20210604.jar:/Users/arafkarsh/.m2/repository/org/eclipse/jetty/jetty-webapp/9.4.42.v20210604/jetty-webapp-9.4.42.v20210604.jar:/Users/arafkarsh/.m2/repository/org/eclipse/jetty/jetty-xml/9.4.42.v20210604/jetty-xml-9.4.42.v20210604.jar:/Users/arafkarsh/.m2/repository/org/eclipse/jetty/jetty-proxy/9.4.42.v20210604/jetty-proxy-9.4.42.v20210604.jar:/Users/arafkarsh/.m2/repository/org/eclipse/jetty/jetty-client/9.4.42.v20210604/jetty-client-9.4.42.v20210604.jar:/Users/arafkarsh/.m2/repository/org/eclipse/jetty/http2/http2-server/9.4.42.v20210604/http2-server-9.4.42.v20210604.jar:/Users/arafkarsh/.m2/repository/org/eclipse/jetty/http2/http2-common/9.4.42.v20210604/http2-common-9.4.42.v20210604.jar:/Users/arafkarsh/.m2/repository/org/eclipse/jetty/http2/http2-hpack/9.4.42.v20210604/http2-hpack-9.4.42.v20210604.jar:/Users/arafkarsh/.m2/repository/org/eclipse/jetty/jetty-alpn-server/9.4.42.v20210604/jetty-alpn-server-9.4.42.v20210604.jar:/Users/arafkarsh/.m2/repository/org/eclipse/jetty/jetty-alpn-conscrypt-server/9.4.42.v20210604/jetty-alpn-conscrypt-server-9.4.42.v20210604.jar:/Users/arafkarsh/.m2/repository/org/eclipse/jetty/jetty-alpn-conscrypt-client/9.4.42.v20210604/jetty-alpn-conscrypt-client-9.4.42.v20210604.jar:/Users/arafkarsh/.m2/repository/org/eclipse/jetty/jetty-alpn-client/9.4.42.v20210604/jetty-alpn-client-9.4.42.v20210604.jar:/Users/arafkarsh/.m2/repository/org/conscrypt/conscrypt-openjdk-uber/2.5.2/conscrypt-openjdk-uber-2.5.2.jar:/Users/arafkarsh/.m2/repository/com/fasterxml/jackson/core/jackson-core/2.12.3/jackson-core-2.12.3.jar:/Users/arafkarsh/.m2/repository/com/fasterxml/jackson/core/jackson-annotations/2.12.3/jackson-annotations-2.12.3.jar:/Users/arafkarsh/.m2/repository/com/fasterxml/jackson/core/jackson-databind/2.12.3/jackson-databind-2.12.3.jar:/Users/arafkarsh/.m2/repository/org/apache/httpcomponents/httpclient/4.5.13/httpclient-4.5.13.jar:/Users/arafkarsh/.m2/repository/org/apache/httpcomponents/httpcore/4.4.13/httpcore-4.4.13.jar:/Users/arafkarsh/.m2/repository/commons-logging/commons-logging/1.2/commons-logging-1.2.jar:/Users/arafkarsh/.m2/repository/commons-codec/commons-codec/1.11/commons-codec-1.11.jar:/Users/arafkarsh/.m2/repository/org/xmlunit/xmlunit-core/2.8.2/xmlunit-core-2.8.2.jar:/Users/arafkarsh/.m2/repository/org/xmlunit/xmlunit-legacy/2.8.2/xmlunit-legacy-2.8.2.jar:/Users/arafkarsh/.m2/repository/org/xmlunit/xmlunit-placeholders/2.8.2/xmlunit-placeholders-2.8.2.jar:/Users/arafkarsh/.m2/repository/net/javacrumbs/json-unit/json-unit-core/2.27.0/json-unit-core-2.27.0.jar:/Users/arafkarsh/.m2/repository/com/jayway/jsonpath/json-path/2.6.0/json-path-2.6.0.jar:/Users/arafkarsh/.m2/repository/net/minidev/json-smart/2.4.7/json-smart-2.4.7.jar:/Users/arafkarsh/.m2/repository/net/minidev/accessors-smart/2.4.7/accessors-smart-2.4.7.jar:/Users/arafkarsh/.m2/repository/org/ow2/asm/asm/9.2/asm-9.2.jar:/Users/arafkarsh/.m2/repository/net/sf/jopt-simple/jopt-simple/5.0.4/jopt-simple-5.0.4.jar:/Users/arafkarsh/.m2/repository/org/apache/commons/commons-lang3/3.12.0/commons-lang3-3.12.0.jar:/Users/arafkarsh/.m2/repository/com/github/jknack/handlebars/4.2.0/handlebars-4.2.0.jar:/Users/arafkarsh/.m2/repository/com/github/jknack/handlebars-helpers/4.2.0/handlebars-helpers-4.2.0.jar:/Users/arafkarsh/.m2/repository/commons-fileupload/commons-fileupload/1.4/commons-fileupload-1.4.jar:/Users/arafkarsh/.m2/repository/commons-io/commons-io/2.10.0/commons-io-2.10.0.jar:/Users/arafkarsh/.m2/repository/org/springframework/boot/spring-boot/2.5.2/spring-boot-2.5.2.jar:/Users/arafkarsh/.m2/repository/org/springframework/spring-core/5.3.8/spring-core-5.3.8.jar:/Users/arafkarsh/.m2/repository/org/springframework/spring-jcl/5.3.8/spring-jcl-5.3.8.jar:/Users/arafkarsh/.m2/repository/org/springframework/spring-context/5.3.8/spring-context-5.3.8.jar:/Users/arafkarsh/.m2/repository/org/springframework/spring-aop/5.3.8/spring-aop-5.3.8.jar:/Users/arafkarsh/.m2/repository/org/springframework/spring-beans/5.3.8/spring-beans-5.3.8.jar:/Users/arafkarsh/.m2/repository/org/springframework/spring-expression/5.3.8/spring-expression-5.3.8.jar:/Users/arafkarsh/.m2/repository/org/springframework/boot/spring-boot-starter-test/2.5.2/spring-boot-starter-test-2.5.2.jar:/Users/arafkarsh/.m2/repository/org/springframework/boot/spring-boot-starter/2.5.2/spring-boot-starter-2.5.2.jar:/Users/arafkarsh/.m2/repository/org/springframework/boot/spring-boot-starter-logging/2.5.2/spring-boot-starter-logging-2.5.2.jar:/Users/arafkarsh/.m2/repository/org/apache/logging/log4j/log4j-to-slf4j/2.14.1/log4j-to-slf4j-2.14.1.jar:/Users/arafkarsh/.m2/repository/org/apache/logging/log4j/log4j-api/2.14.1/log4j-api-2.14.1.jar:/Users/arafkarsh/.m2/repository/org/slf4j/jul-to-slf4j/1.7.31/jul-to-slf4j-1.7.31.jar:/Users/arafkarsh/.m2/repository/jakarta/annotation/jakarta.annotation-api/1.3.5/jakarta.annotation-api-1.3.5.jar:/Users/arafkarsh/.m2/repository/org/yaml/snakeyaml/1.28/snakeyaml-1.28.jar:/Users/arafkarsh/.m2/repository/org/springframework/boot/spring-boot-test/2.5.2/spring-boot-test-2.5.2.jar:/Users/arafkarsh/.m2/repository/org/springframework/boot/spring-boot-test-autoconfigure/2.5.2/spring-boot-test-autoconfigure-2.5.2.jar:/Users/arafkarsh/.m2/repository/jakarta/xml/bind/jakarta.xml.bind-api/2.3.3/jakarta.xml.bind-api-2.3.3.jar:/Users/arafkarsh/.m2/repository/jakarta/activation/jakarta.activation-api/1.2.2/jakarta.activation-api-1.2.2.jar:/Users/arafkarsh/.m2/repository/org/assertj/assertj-core/3.19.0/assertj-core-3.19.0.jar:/Users/arafkarsh/.m2/repository/org/skyscreamer/jsonassert/1.5.0/jsonassert-1.5.0.jar:/Users/arafkarsh/.m2/repository/com/vaadin/external/google/android-json/0.0.20131108.vaadin1/android-json-0.0.20131108.vaadin1.jar:/Users/arafkarsh/.m2/repository/org/springframework/spring-test/5.3.8/spring-test-5.3.8.jar:/Users/arafkarsh/.m2/repository/org/springframework/boot/spring-boot-starter-web/2.5.2/spring-boot-starter-web-2.5.2.jar:/Users/arafkarsh/.m2/repository/org/springframework/boot/spring-boot-starter-json/2.5.2/spring-boot-starter-json-2.5.2.jar:/Users/arafkarsh/.m2/repository/com/fasterxml/jackson/datatype/jackson-datatype-jdk8/2.12.3/jackson-datatype-jdk8-2.12.3.jar:/Users/arafkarsh/.m2/repository/com/fasterxml/jackson/datatype/jackson-datatype-jsr310/2.12.3/jackson-datatype-jsr310-2.12.3.jar:/Users/arafkarsh/.m2/repository/com/fasterxml/jackson/module/jackson-module-parameter-names/2.12.3/jackson-module-parameter-names-2.12.3.jar:/Users/arafkarsh/.m2/repository/org/springframework/boot/spring-boot-starter-tomcat/2.5.2/spring-boot-starter-tomcat-2.5.2.jar:/Users/arafkarsh/.m2/repository/org/apache/tomcat/embed/tomcat-embed-core/9.0.48/tomcat-embed-core-9.0.48.jar:/Users/arafkarsh/.m2/repository/org/apache/tomcat/embed/tomcat-embed-el/9.0.48/tomcat-embed-el-9.0.48.jar:/Users/arafkarsh/.m2/repository/org/apache/tomcat/embed/tomcat-embed-websocket/9.0.48/tomcat-embed-websocket-9.0.48.jar:/Users/arafkarsh/.m2/repository/org/springframework/spring-web/5.3.8/spring-web-5.3.8.jar:/Users/arafkarsh/.m2/repository/org/springframework/spring-webmvc/5.3.8/spring-webmvc-5.3.8.jar:/Users/arafkarsh/.m2/repository/org/springframework/boot/spring-boot-starter-web-services/2.5.2/spring-boot-starter-web-services-2.5.2.jar:/Users/arafkarsh/.m2/repository/com/sun/xml/messaging/saaj/saaj-impl/1.5.3/saaj-impl-1.5.3.jar:/Users/arafkarsh/.m2/repository/jakarta/xml/soap/jakarta.xml.soap-api/1.4.2/jakarta.xml.soap-api-1.4.2.jar:/Users/arafkarsh/.m2/repository/org/jvnet/staxex/stax-ex/1.8.3/stax-ex-1.8.3.jar:/Users/arafkarsh/.m2/repository/com/sun/activation/jakarta.activation/1.2.2/jakarta.activation-1.2.2.jar:/Users/arafkarsh/.m2/repository/jakarta/xml/ws/jakarta.xml.ws-api/2.3.3/jakarta.xml.ws-api-2.3.3.jar:/Users/arafkarsh/.m2/repository/jakarta/jws/jakarta.jws-api/2.1.0/jakarta.jws-api-2.1.0.jar:/Users/arafkarsh/.m2/repository/org/springframework/spring-oxm/5.3.8/spring-oxm-5.3.8.jar:/Users/arafkarsh/.m2/repository/org/springframework/ws/spring-ws-core/3.1.1/spring-ws-core-3.1.1.jar:/Users/arafkarsh/.m2/repository/org/springframework/ws/spring-xml/3.1.1/spring-xml-3.1.1.jar:/Users/arafkarsh/.m2/repository/org/springframework/boot/spring-boot-starter-websocket/2.5.2/spring-boot-starter-websocket-2.5.2.jar:/Users/arafkarsh/.m2/repository/org/springframework/spring-messaging/5.3.8/spring-messaging-5.3.8.jar:/Users/arafkarsh/.m2/repository/org/springframework/spring-websocket/5.3.8/spring-websocket-5.3.8.jar:/Users/arafkarsh/.m2/repository/org/springframework/boot/spring-boot-starter-data-mongodb/2.5.2/spring-boot-starter-data-mongodb-2.5.2.jar:/Users/arafkarsh/.m2/repository/org/mongodb/mongodb-driver-sync/4.2.3/mongodb-driver-sync-4.2.3.jar:/Users/arafkarsh/.m2/repository/org/mongodb/bson/4.2.3/bson-4.2.3.jar:/Users/arafkarsh/.m2/repository/org/mongodb/mongodb-driver-core/4.2.3/mongodb-driver-core-4.2.3.jar:/Users/arafkarsh/.m2/repository/org/springframework/data/spring-data-mongodb/3.2.2/spring-data-mongodb-3.2.2.jar:/Users/arafkarsh/.m2/repository/org/springframework/data/spring-data-commons/2.5.2/spring-data-commons-2.5.2.jar:/Users/arafkarsh/.m2/repository/com/github/cloudyrock/mongock/mongock-spring-v5/4.3.8/mongock-spring-v5-4.3.8.jar:/Users/arafkarsh/.m2/repository/com/github/cloudyrock/mongock/mongock-spring-runner-util/4.3.8/mongock-spring-runner-util-4.3.8.jar:/Users/arafkarsh/.m2/repository/com/github/cloudyrock/mongock/mongock-runner-core/4.3.8/mongock-runner-core-4.3.8.jar:/Users/arafkarsh/.m2/repository/com/github/cloudyrock/mongock/mongock-driver-api/4.3.8/mongock-driver-api-4.3.8.jar:/Users/arafkarsh/.m2/repository/javax/inject/javax.inject/1/javax.inject-1.jar:/Users/arafkarsh/.m2/repository/org/reflections/reflections/0.9.9/reflections-0.9.9.jar:/Users/arafkarsh/.m2/repository/org/javassist/javassist/3.18.2-GA/javassist-3.18.2-GA.jar:/Users/arafkarsh/.m2/repository/com/google/code/findbugs/annotations/2.0.1/annotations-2.0.1.jar:/Users/arafkarsh/.m2/repository/org/apache/maven/maven-artifact/3.6.1/maven-artifact-3.6.1.jar:/Users/arafkarsh/.m2/repository/org/codehaus/plexus/plexus-utils/3.2.0/plexus-utils-3.2.0.jar:/Users/arafkarsh/.m2/repository/com/github/cloudyrock/mongock/mongock-api/4.3.8/mongock-api-4.3.8.jar:/Users/arafkarsh/.m2/repository/org/springframework/boot/spring-boot-configuration-processor/2.3.7.RELEASE/spring-boot-configuration-processor-2.3.7.RELEASE.jar:/Users/arafkarsh/.m2/repository/com/github/cloudyrock/mongock/mongock-utils/4.3.8/mongock-utils-4.3.8.jar:/Users/arafkarsh/.m2/repository/org/springframework/spring-tx/5.2.12.RELEASE/spring-tx-5.2.12.RELEASE.jar:/Users/arafkarsh/.m2/repository/org/springframework/boot/spring-boot-autoconfigure/2.3.7.RELEASE/spring-boot-autoconfigure-2.3.7.RELEASE.jar:/Users/arafkarsh/.m2/repository/com/github/cloudyrock/mongock/mongodb-springdata-v3-driver/4.3.8/mongodb-springdata-v3-driver-4.3.8.jar:/Users/arafkarsh/.m2/repository/com/github/cloudyrock/mongock/mongock-driver-core/4.3.8/mongock-driver-core-4.3.8.jar:/Users/arafkarsh/.m2/repository/com/github/cloudyrock/mongock/mongodb-sync-v4-driver/4.3.8/mongodb-sync-v4-driver-4.3.8.jar:"/>
    <property name="sun.cpu.endian" value="little"/>
    <property name="user.home" value="/Users/arafkarsh"/>
    <property name="user.language" value="en"/>
    <property name="java.specification.vendor" value="Oracle Corporation"/>
    <property name="java.home" value="/Library/Java/JavaVirtualMachines/jdk1.8.0_271.jdk/Contents/Home/jre"/>
    <property name="basedir" value="/Users/arafkarsh/Library/Mobile Documents/com~apple~CloudDocs/My_WorkSpace/Eclipse/ms-order-service"/>
    <property name="file.separator" value="/"/>
    <property name="line.separator" value="&#10;"/>
    <property name="java.vm.specification.vendor" value="Oracle Corporation"/>
    <property name="java.specification.name" value="Java Platform API Specification"/>
    <property name="java.awt.graphicsenv" value="sun.awt.CGraphicsEnvironment"/>
    <property name="surefire.real.class.path" value="/Users/arafkarsh/Library/Mobile Documents/com~apple~CloudDocs/My_WorkSpace/Eclipse/ms-order-service/target/surefire/surefirebooter6918762594871500320.jar"/>
    <property name="sun.boot.class.path" value="/Library/Java/JavaVirtualMachines/jdk1.8.0_271.jdk/Contents/Home/jre/lib/resources.jar:/Library/Java/JavaVirtualMachines/jdk1.8.0_271.jdk/Contents/Home/jre/lib/rt.jar:/Library/Java/JavaVirtualMachines/jdk1.8.0_271.jdk/Contents/Home/jre/lib/sunrsasign.jar:/Library/Java/JavaVirtualMachines/jdk1.8.0_271.jdk/Contents/Home/jre/lib/jsse.jar:/Library/Java/JavaVirtualMachines/jdk1.8.0_271.jdk/Contents/Home/jre/lib/jce.jar:/Library/Java/JavaVirtualMachines/jdk1.8.0_271.jdk/Contents/Home/jre/lib/charsets.jar:/Library/Java/JavaVirtualMachines/jdk1.8.0_271.jdk/Contents/Home/jre/lib/jfr.jar:/Library/Java/JavaVirtualMachines/jdk1.8.0_271.jdk/Contents/Home/jre/classes"/>
    <property name="sun.management.compiler" value="HotSpot 64-Bit Tiered Compilers"/>
    <property name="ftp.nonProxyHosts" value="local|*.local|169.254/16|*.169.254/16"/>
    <property name="java.runtime.version" value="1.8.0_271-b09"/>
    <property name="user.name" value="arafkarsh"/>
    <property name="path.separator" value=":"/>
    <property name="os.version" value="10.16"/>
    <property name="java.endorsed.dirs" value="/Library/Java/JavaVirtualMachines/jdk1.8.0_271.jdk/Contents/Home/jre/lib/endorsed"/>
    <property name="java.runtime.name" value="Java(TM) SE Runtime Environment"/>
    <property name="file.encoding" value="UTF-8"/>
    <property name="java.vm.name" value="Java HotSpot(TM) 64-Bit Server VM"/>
    <property name="localRepository" value="/Users/arafkarsh/.m2/repository"/>
    <property name="java.vendor.url.bug" value="http://bugreport.sun.com/bugreport/"/>
    <property name="java.io.tmpdir" value="/var/folders/l_/wl9h2nmx4lx2djsymj24k2r40000gn/T/"/>
    <property name="java.version" value="1.8.0_271"/>
    <property name="user.dir" value="/Users/arafkarsh/Library/Mobile Documents/com~apple~CloudDocs/My_WorkSpace/Eclipse/ms-order-service"/>
    <property name="os.arch" value="x86_64"/>
    <property name="java.vm.specification.name" value="Java Virtual Machine Specification"/>
    <property name="java.awt.printerjob" value="sun.lwawt.macosx.CPrinterJob"/>
    <property name="sun.os.patch.level" value="unknown"/>
    <property name="java.library.path" value="/Users/arafkarsh/Library/Java/Extensions:/Library/Java/Extensions:/Network/Library/Java/Extensions:/System/Library/Java/Extensions:/usr/lib/java:."/>
    <property name="java.vm.info" value="mixed mode"/>
    <property name="java.vendor" value="Oracle Corporation"/>
    <property name="java.vm.version" value="25.271-b09"/>
    <property name="java.ext.dirs" value="/Users/arafkarsh/Library/Java/Extensions:/Library/Java/JavaVirtualMachines/jdk1.8.0_271.jdk/Contents/Home/jre/lib/ext:/Library/Java/Extensions:/Network/Library/Java/Extensions:/System/Library/Java/Extensions:/usr/lib/java"/>
    <property name="sun.io.unicode.encoding" value="UnicodeBig"/>
    <property name="java.class.version" value="52.0"/>
    <property name="socksNonProxyHosts" value="local|*.local|169.254/16|*.169.254/16"/>
  </properties>
  <testcase name="shouldCreateCustomer" classname="test.fusion.water.order.domainLayer.models.OrderTest" time="0.021"/>
  <testcase name="shouldThrowRuntimeExceptionWhenFirstNameIsNull" classname="test.fusion.water.order.domainLayer.models.OrderTest" time="0.003"/>
  <testcase name="shouldThrowRuntimeExceptionWhenLastNameIsNull" classname="test.fusion.water.order.domainLayer.models.OrderTest" time="0.001"/>
  <testcase name="shouldThrowRuntimeExceptionWhenPhoneNumberIsNull" classname="test.fusion.water.order.domainLayer.models.OrderTest" time="0.002"/>
  <testcase name="testAllCustomerTests" classname="test.fusion.water.order.domainLayer.models.OrderTest" time="0.005"/>
  <testcase name="shouldCreateOrderOnLinux" classname="test.fusion.water.order.domainLayer.models.OrderTest" time="0">
    <skipped message="Disabled on operating system: Mac OS X ==&gt; Should Run only on Linux"/>
  </testcase>
  <testcase name="shouldTestOrderCreationOnDEV" classname="test.fusion.water.order.domainLayer.models.OrderTest" time="0">
    <skipped message="Assumption failed: assumption is not true" type="org.opentest4j.TestAbortedException">org.opentest4j.TestAbortedException: Assumption failed: assumption is not true
	at test.fusion.water.order.domainLayer.models.OrderTest.shouldTestOrderCreationOnDEV(OrderTest.java:212)
</skipped>
    <system-out><![CDATA[6. Create an Empty Order..
Property = null
OrderTest.shouldTestOrderCreationOnDEV(), Time=2 ms
6. Should Execute After Each Test
]]></system-out>
  </testcase>
  <testcase name="shouldTestOrderCreationRepeatedly[1]" classname="test.fusion.water.order.domainLayer.models.OrderTest" time="0.004"/>
  <testcase name="shouldTestOrderCreationRepeatedly[2]" classname="test.fusion.water.order.domainLayer.models.OrderTest" time="0.001"/>
  <testcase name="shouldTestOrderCreationRepeatedly[3]" classname="test.fusion.water.order.domainLayer.models.OrderTest" time="0.001"/>
  <testcase name="shouldTestPhoneNumberFormatUsingValueSource{String}[1]" classname="test.fusion.water.order.domainLayer.models.OrderTest" time="0.047"/>
  <testcase name="shouldTestPhoneNumberFormatUsingValueSource{String}[2]" classname="test.fusion.water.order.domainLayer.models.OrderTest" time="0.003"/>
  <testcase name="shouldTestPhoneNumberFormatUsingValueSource{String}[3]" classname="test.fusion.water.order.domainLayer.models.OrderTest" time="0.004"/>
  <testcase name="shouldTestPhoneNumberFormatUsingCSVSource{String}[1]" classname="test.fusion.water.order.domainLayer.models.OrderTest" time="0.001"/>
  <testcase name="shouldTestPhoneNumberFormatUsingCSVSource{String}[2]" classname="test.fusion.water.order.domainLayer.models.OrderTest" time="0.002"/>
  <testcase name="shouldTestPhoneNumberFormatUsingCSVSource{String}[3]" classname="test.fusion.water.order.domainLayer.models.OrderTest" time="0.004"/>
  <testcase name="shouldTestPhoneNumberFormatUsingCSVFileSource{String}[1]" classname="test.fusion.water.order.domainLayer.models.OrderTest" time="0.004"/>
  <testcase name="shouldTestPhoneNumberFormatUsingCSVFileSource{String}[2]" classname="test.fusion.water.order.domainLayer.models.OrderTest" time="0"/>
  <testcase name="shouldTestPhoneNumberFormatUsingCSVFileSource{String}[3]" classname="test.fusion.water.order.domainLayer.models.OrderTest" time="0"/>
  <testcase name="shouldTestPhoneNumberFormatUsingMethodSource{String}[1]" classname="test.fusion.water.order.domainLayer.models.OrderTest" time="0.004"/>
  <testcase name="shouldTestPhoneNumberFormatUsingMethodSource{String}[2]" classname="test.fusion.water.order.domainLayer.models.OrderTest" time="0.001"/>
  <testcase name="shouldTestPhoneNumberFormatUsingMethodSource{String}[3]" classname="test.fusion.water.order.domainLayer.models.OrderTest" time="0"/>
  <testcase name="timeoutNotExceeded" classname="test.fusion.water.order.domainLayer.models.OrderTest" time="0.003"/>
  <testcase name="timeoutExceeded" classname="test.fusion.water.order.domainLayer.models.OrderTest" time="0.006"/>
  <testcase name="timeoutNotExceededWithResult" classname="test.fusion.water.order.domainLayer.models.OrderTest" time="0.002"/>
  <testcase name="timeoutNotExceededWithMethod" classname="test.fusion.water.order.domainLayer.models.OrderTest" time="0.001"/>
  <testcase name="exceptionTesting" classname="test.fusion.water.order.domainLayer.models.OrderTest" time="0.002"/>
  <testcase name="assertWithHamcrestMatcher" classname="test.fusion.water.order.domainLayer.models.OrderTest" time="0.005"/>
  <testcase name="shouldBeDisabled" classname="test.fusion.water.order.domainLayer.models.OrderTest" time="0">
    <skipped message="public void test.fusion.water.order.domainLayer.models.OrderTest.shouldBeDisabled() is @Disabled"/>
  </testcase>
</testsuite>